<?xml version="1.0" encoding="UTF-8"?>
<!-- Generated by org.testng.reporters.JUnitXMLReporter -->
<testsuite ignored="8" hostname="LAPTOP-1U4C2J1L" failures="0" tests="1" name="Default test(failed)" time="6.184" errors="0" timestamp="2024-06-13T19:26:03 IST">
  <testcase classname="testCases.Inventory_Page_Test" name="removeproduct" time="0.605"/>
  <testcase classname="testCases.Inventory_Page_Test" name="verifyFacebooklogo" time="0.0">
    <ignored/>
  </testcase> <!-- verifyFacebooklogo -->
  <testcase classname="testCases.Inventory_Page_Test" name="add6Products" time="0.0">
    <ignored/>
  </testcase> <!-- add6Products -->
  <testcase classname="testCases.Inventory_Page_Test" name="verifyBurgermenu" time="0.0">
    <ignored/>
  </testcase> <!-- verifyBurgermenu -->
  <testcase classname="testCases.Inventory_Page_Test" name="verifySwagLabName" time="0.0">
    <ignored/>
  </testcase> <!-- verifySwagLabName -->
  <testcase classname="testCases.Inventory_Page_Test" name="Footertext" time="0.0">
    <ignored/>
  </testcase> <!-- Footertext -->
  <testcase classname="testCases.Inventory_Page_Test" name="verifyInventoryPageTitle" time="0.0">
    <ignored/>
  </testcase> <!-- verifyInventoryPageTitle -->
  <testcase classname="testCases.Inventory_Page_Test" name="verifyLinkdinlogo" time="0.0">
    <ignored/>
  </testcase> <!-- verifyLinkdinlogo -->
  <testcase classname="testCases.Inventory_Page_Test" name="verifyTwitterlogo" time="0.0">
    <ignored/>
  </testcase> <!-- verifyTwitterlogo -->
</testsuite> <!-- Default test(failed) -->
