<?xml version="1.0" encoding="UTF-8"?>
<!-- Generated by org.testng.reporters.JUnitXMLReporter -->
<testsuite ignored="10" hostname="LAPTOP-1U4C2J1L" failures="0" tests="1" name="Default test" time="6.366" errors="0" timestamp="2024-06-15T17:00:47 IST">
  <testcase classname="testCases.CheckOut_Complete_Test" name="ImagePonyExpress" time="0.052"/>
  <testcase classname="testCases.CheckOut_Complete_Test" name="verifyDispatchText" time="0.0">
    <ignored/>
  </testcase> <!-- verifyDispatchText -->
  <testcase classname="testCases.CheckOut_Complete_Test" name="Applogoname" time="0.0">
    <ignored/>
  </testcase> <!-- Applogoname -->
  <testcase classname="testCases.CheckOut_Complete_Test" name="Footertext" time="0.0">
    <ignored/>
  </testcase> <!-- Footertext -->
  <testcase classname="testCases.CheckOut_Complete_Test" name="CheckOutCompleteTitle" time="0.0">
    <ignored/>
  </testcase> <!-- CheckOutCompleteTitle -->
  <testcase classname="testCases.CheckOut_Complete_Test" name="verifyLinkdinlogo" time="0.0">
    <ignored/>
  </testcase> <!-- verifyLinkdinlogo -->
  <testcase classname="testCases.CheckOut_Complete_Test" name="verifyBackHomeBtn" time="0.0">
    <ignored/>
  </testcase> <!-- verifyBackHomeBtn -->
  <testcase classname="testCases.CheckOut_Complete_Test" name="verifyTwitterlogo" time="0.0">
    <ignored/>
  </testcase> <!-- verifyTwitterlogo -->
  <testcase classname="testCases.CheckOut_Complete_Test" name="verifyFacebooklogo" time="0.0">
    <ignored/>
  </testcase> <!-- verifyFacebooklogo -->
  <testcase classname="testCases.CheckOut_Complete_Test" name="verifyCompletePageURLName" time="0.0">
    <ignored/>
  </testcase> <!-- verifyCompletePageURLName -->
  <testcase classname="testCases.CheckOut_Complete_Test" name="verifyThankYouText1" time="0.0">
    <ignored/>
  </testcase> <!-- verifyThankYouText1 -->
</testsuite> <!-- Default test -->
