<?xml version="1.0" encoding="UTF-8"?>
<!-- Generated by org.testng.reporters.JUnitXMLReporter -->
<testsuite ignored="0" hostname="LAPTOP-1U4C2J1L" failures="0" tests="62" name="Class_SwagLab_Suite" time="301.549" errors="0" timestamp="2024-06-14T19:48:47 IST">
  <testcase classname="testCases.CartPage_Test" name="ContinueShoppingCartTest" time="0.09"/>
  <testcase classname="testCases.CartPage_Test" name="DescriptionCartTest" time="0.033"/>
  <testcase classname="testCases.CartPage_Test" name="QuantityCartTest" time="0.025"/>
  <testcase classname="testCases.CartPage_Test" name="clickonCheckOnBtnTest" time="0.076"/>
  <testcase classname="testCases.CartPage_Test" name="verifyApplogonameTest" time="0.027"/>
  <testcase classname="testCases.CartPage_Test" name="verifyFacebooklogoTest" time="0.036"/>
  <testcase classname="testCases.CartPage_Test" name="verifyLinkdinlogoTest" time="0.035"/>
  <testcase classname="testCases.CartPage_Test" name="verifyTitleOfYourCartTest" time="0.028"/>
  <testcase classname="testCases.CartPage_Test" name="verifyTwitterlogoTest" time="0.032"/>
  <testcase classname="testCases.CartPage_Test" name="verifycartUrlTest" time="0.013"/>
  <testcase classname="testCases.LoginPage_Test" name="logintoApplicationTest" time="1.209"/>
  <testcase classname="testCases.LoginPage_Test" name="verifyOfTitleApplicationTest" time="0.014"/>
  <testcase classname="testCases.LoginPage_Test" name="verifyOfURLApplicationTest" time="0.046"/>
  <testcase classname="testCases.CheckOut_StepOne_Page_Test" name="Footertext" time="0.034"/>
  <testcase classname="testCases.CheckOut_StepOne_Page_Test" name="InputInformation" time="0.312"/>
  <testcase classname="testCases.CheckOut_StepOne_Page_Test" name="verifyApplogonameTest" time="0.03"/>
  <testcase classname="testCases.CheckOut_StepOne_Page_Test" name="verifyCancleBtn" time="0.068"/>
  <testcase classname="testCases.CheckOut_StepOne_Page_Test" name="verifyFacebooklogo" time="0.029"/>
  <testcase classname="testCases.CheckOut_StepOne_Page_Test" name="verifyLinkdinlogo" time="0.029"/>
  <testcase classname="testCases.CheckOut_StepOne_Page_Test" name="verifyOpenMenu" time="0.031"/>
  <testcase classname="testCases.CheckOut_StepOne_Page_Test" name="verifyTwitterlogo" time="0.027"/>
  <testcase classname="testCases.CheckOut_StepTwo_Page_Test" name="CancleBtn" time="0.069"/>
  <testcase classname="testCases.CheckOut_StepTwo_Page_Test" name="CheckOutOverview" time="0.021"/>
  <testcase classname="testCases.CheckOut_StepTwo_Page_Test" name="Footertext" time="0.024"/>
  <testcase classname="testCases.CheckOut_StepTwo_Page_Test" name="clickonFinishBtn" time="0.067"/>
  <testcase classname="testCases.CheckOut_StepTwo_Page_Test" name="verifyApplogoname1" time="0.022"/>
  <testcase classname="testCases.CheckOut_StepTwo_Page_Test" name="verifyBackpackText" time="0.02"/>
  <testcase classname="testCases.CheckOut_StepTwo_Page_Test" name="verifyDescriptionCart" time="0.022"/>
  <testcase classname="testCases.CheckOut_StepTwo_Page_Test" name="verifyExpressDelivery" time="0.018"/>
  <testcase classname="testCases.CheckOut_StepTwo_Page_Test" name="verifyFacebooklogo" time="0.025"/>
  <testcase classname="testCases.CheckOut_StepTwo_Page_Test" name="verifyLinkdinlogo" time="0.03"/>
  <testcase classname="testCases.CheckOut_StepTwo_Page_Test" name="verifyPaymentInfo" time="0.023"/>
  <testcase classname="testCases.CheckOut_StepTwo_Page_Test" name="verifyPricetotal" time="0.022"/>
  <testcase classname="testCases.CheckOut_StepTwo_Page_Test" name="verifyProdBackpack" time="0.056"/>
  <testcase classname="testCases.CheckOut_StepTwo_Page_Test" name="verifyProdBikeLight" time="0.022"/>
  <testcase classname="testCases.CheckOut_StepTwo_Page_Test" name="verifyQuantityCart" time="0.027"/>
  <testcase classname="testCases.CheckOut_StepTwo_Page_Test" name="verifySauceCard" time="0.021"/>
  <testcase classname="testCases.CheckOut_StepTwo_Page_Test" name="verifyShippingInfo" time="0.025"/>
  <testcase classname="testCases.CheckOut_StepTwo_Page_Test" name="verifySubtotalLabel" time="0.023"/>
  <testcase classname="testCases.CheckOut_StepTwo_Page_Test" name="verifyTaxLabel" time="0.018"/>
  <testcase classname="testCases.CheckOut_StepTwo_Page_Test" name="verifyTotalLabel" time="0.021"/>
  <testcase classname="testCases.CheckOut_StepTwo_Page_Test" name="verifyTwitterlogo" time="0.027"/>
  <testcase classname="testCases.CheckOut_StepTwo_Page_Test" name="verifystepTwoUrlTest" time="0.008"/>
  <testcase classname="testCases.CheckOut_Complete_Test" name="Applogoname" time="0.025"/>
  <testcase classname="testCases.CheckOut_Complete_Test" name="CheckOutCompleteTitle" time="0.026"/>
  <testcase classname="testCases.CheckOut_Complete_Test" name="Footertext" time="0.029"/>
  <testcase classname="testCases.CheckOut_Complete_Test" name="verifyBackHomeBtn" time="0.084"/>
  <testcase classname="testCases.CheckOut_Complete_Test" name="verifyCompletePageURLName" time="0.011"/>
  <testcase classname="testCases.CheckOut_Complete_Test" name="verifyDispatchText" time="0.03"/>
  <testcase classname="testCases.CheckOut_Complete_Test" name="verifyFacebooklogo" time="0.049"/>
  <testcase classname="testCases.CheckOut_Complete_Test" name="verifyLinkdinlogo" time="0.037"/>
  <testcase classname="testCases.CheckOut_Complete_Test" name="verifyThankYouText1" time="0.033"/>
  <testcase classname="testCases.CheckOut_Complete_Test" name="verifyTwitterlogo" time="0.034"/>
  <testcase classname="testCases.Inventory_Page_Test" name="Footertext" time="0.043"/>
  <testcase classname="testCases.Inventory_Page_Test" name="add6Products" time="0.508"/>
  <testcase classname="testCases.Inventory_Page_Test" name="removeproduct" time="0.628"/>
  <testcase classname="testCases.Inventory_Page_Test" name="verifyBurgermenu" time="0.048"/>
  <testcase classname="testCases.Inventory_Page_Test" name="verifyFacebooklogo" time="0.036"/>
  <testcase classname="testCases.Inventory_Page_Test" name="verifyInventoryPageTitle" time="0.037"/>
  <testcase classname="testCases.Inventory_Page_Test" name="verifyLinkdinlogo" time="0.034"/>
  <testcase classname="testCases.Inventory_Page_Test" name="verifySwagLabName" time="0.038"/>
  <testcase classname="testCases.Inventory_Page_Test" name="verifyTwitterlogo" time="0.036"/>
</testsuite> <!-- Class_SwagLab_Suite -->
