<?xml version="1.0" encoding="UTF-8"?>
<!-- Generated by org.testng.reporters.JUnitReportReporter -->
<testsuite hostname="LAPTOP-1U4C2J1L" failures="0" tests="9" name="testCases.Inventory_Page_Test" time="37.704" errors="0" timestamp="2024-06-14T19:48:47 IST" skipped="0">
  <testcase classname="testCases.Inventory_Page_Test" name="Footertext" time="4.037"/>
  <system-out>
    <![CDATA[Footer text is =© 2024 Sauce Labs. All Rights Reserved. Terms of Service | Privacy Policy]]>
  </system-out>
  <testcase classname="testCases.Inventory_Page_Test" name="add6Products" time="4.554"/>
  <system-out>
    <![CDATA[Total products add to cart =6]]>
  </system-out>
  <testcase classname="testCases.Inventory_Page_Test" name="verifyTwitterlogo" time="4.101"/>
  <system-out>
    <![CDATA[Twitter logo is present = true]]>
  </system-out>
  <testcase classname="testCases.Inventory_Page_Test" name="verifySwagLabName" time="3.944"/>
  <system-out>
    <![CDATA[App logo is =Swag Labs]]>
  </system-out>
  <testcase classname="testCases.Inventory_Page_Test" name="verifyLinkdinlogo" time="3.998"/>
  <system-out>
    <![CDATA[Linkdin logo is present =true]]>
  </system-out>
  <testcase classname="testCases.Inventory_Page_Test" name="verifyFacebooklogo" time="3.946"/>
  <system-out>
    <![CDATA[Facebook logo is present =true]]>
  </system-out>
  <testcase classname="testCases.Inventory_Page_Test" name="verifyInventoryPageTitle" time="4.160"/>
  <system-out>
    <![CDATA[Inventory Page Title = Products]]>
  </system-out>
  <testcase classname="testCases.Inventory_Page_Test" name="verifyBurgermenu" time="4.214"/>
  <system-out>
    <![CDATA[Burgger menu is present =true]]>
  </system-out>
  <testcase classname="testCases.Inventory_Page_Test" name="removeproduct" time="4.750"/>
  <system-out>
    <![CDATA[4]]>
  </system-out>
</testsuite> <!-- testCases.Inventory_Page_Test -->
