<?xml version="1.0" encoding="UTF-8"?>
<!-- Generated by org.testng.reporters.JUnitReportReporter -->
<testsuite hostname="LAPTOP-1U4C2J1L" failures="0" tests="22" name="testCases.CheckOut_StepTwo_Page_Test" time="109.463" errors="0" timestamp="2024-06-14T19:48:47 IST" skipped="0">
  <testcase classname="testCases.CheckOut_StepTwo_Page_Test" name="verifySubtotalLabel" time="4.976"/>
  <system-out>
    <![CDATA[Subtotal Label is = Item total: $129.94]]>
  </system-out>
  <testcase classname="testCases.CheckOut_StepTwo_Page_Test" name="CheckOutOverview" time="4.901"/>
  <system-out>
    <![CDATA[CheckoutstepTWO Title Of Page is = Checkout: Overview]]>
  </system-out>
  <testcase classname="testCases.CheckOut_StepTwo_Page_Test" name="verifyTaxLabel" time="4.874"/>
  <system-out>
    <![CDATA[TaxLabel is = Tax: $10.40]]>
  </system-out>
  <testcase classname="testCases.CheckOut_StepTwo_Page_Test" name="verifystepTwoUrlTest" time="4.884"/>
  <system-out>
    <![CDATA[CheckOut_Two Page Url is = https://www.saucedemo.com/checkout-step-two.html]]>
  </system-out>
  <testcase classname="testCases.CheckOut_StepTwo_Page_Test" name="verifyProdBikeLight" time="5.002"/>
  <system-out>
    <![CDATA[Selected product Name is = Sauce Labs Bike Light]]>
  </system-out>
  <testcase classname="testCases.CheckOut_StepTwo_Page_Test" name="verifyDescriptionCart" time="4.994"/>
  <system-out>
    <![CDATA[Description Text is present = Description]]>
  </system-out>
  <testcase classname="testCases.CheckOut_StepTwo_Page_Test" name="verifyProdBackpack" time="5.014"/>
  <system-out>
    <![CDATA[Selected Product is = Sauce Labs Backpack]]>
  </system-out>
  <testcase classname="testCases.CheckOut_StepTwo_Page_Test" name="Footertext" time="4.927"/>
  <system-out>
    <![CDATA[Footer text is = © 2024 Sauce Labs. All Rights Reserved. Terms of Service | Privacy Policy]]>
  </system-out>
  <testcase classname="testCases.CheckOut_StepTwo_Page_Test" name="verifyShippingInfo" time="4.935"/>
  <system-out>
    <![CDATA[Information of Shipping is = Shipping Information:]]>
  </system-out>
  <testcase classname="testCases.CheckOut_StepTwo_Page_Test" name="clickonFinishBtn" time="4.842"/>
  <system-out>
    <![CDATA[Checkout StepTwo button on finish url = https://www.saucedemo.com/checkout-complete.html]]>
  </system-out>
  <testcase classname="testCases.CheckOut_StepTwo_Page_Test" name="verifyFacebooklogo" time="5.217"/>
  <system-out>
    <![CDATA[Facebook logo is present = true]]>
  </system-out>
  <testcase classname="testCases.CheckOut_StepTwo_Page_Test" name="verifyPaymentInfo" time="5.038"/>
  <system-out>
    <![CDATA[Payment Info is = Payment Information:]]>
  </system-out>
  <testcase classname="testCases.CheckOut_StepTwo_Page_Test" name="verifyPricetotal" time="4.822"/>
  <system-out>
    <![CDATA[Price Total is = Price Total]]>
  </system-out>
  <testcase classname="testCases.CheckOut_StepTwo_Page_Test" name="verifyTwitterlogo" time="4.858"/>
  <system-out>
    <![CDATA[Twitter logo is present = true]]>
  </system-out>
  <testcase classname="testCases.CheckOut_StepTwo_Page_Test" name="verifyExpressDelivery" time="4.901"/>
  <system-out>
    <![CDATA[Express Delivery is = Free Pony Express Delivery!]]>
  </system-out>
  <testcase classname="testCases.CheckOut_StepTwo_Page_Test" name="verifyApplogoname1" time="4.995"/>
  <system-out>
    <![CDATA[App logo is = Swag Labs]]>
  </system-out>
  <testcase classname="testCases.CheckOut_StepTwo_Page_Test" name="verifyLinkdinlogo" time="5.111"/>
  <system-out>
    <![CDATA[Linkdin logo is present = true]]>
  </system-out>
  <testcase classname="testCases.CheckOut_StepTwo_Page_Test" name="verifyBackpackText" time="5.170"/>
  <system-out>
    <![CDATA[Selected Product Text is  = carry.allTheThings() with the sleek, streamlined Sly Pack that melds uncompromising style with unequaled laptop and tablet protection.]]>
  </system-out>
  <testcase classname="testCases.CheckOut_StepTwo_Page_Test" name="verifyQuantityCart" time="5.002"/>
  <system-out>
    <![CDATA[QTY Text is present = QTY]]>
  </system-out>
  <testcase classname="testCases.CheckOut_StepTwo_Page_Test" name="verifyTotalLabel" time="5.039"/>
  <system-out>
    <![CDATA[TotalLabel is = Total: $140.34]]>
  </system-out>
  <testcase classname="testCases.CheckOut_StepTwo_Page_Test" name="verifySauceCard" time="4.953"/>
  <system-out>
    <![CDATA[SauceCard is = SauceCard #31337]]>
  </system-out>
  <testcase classname="testCases.CheckOut_StepTwo_Page_Test" name="CancleBtn" time="5.008"/>
  <system-out>
    <![CDATA[Checkout StepTwo btton on cancel url = https://www.saucedemo.com/inventory.html]]>
  </system-out>
</testsuite> <!-- testCases.CheckOut_StepTwo_Page_Test -->
