<?xml version="1.0" encoding="UTF-8"?>
<!-- Generated by org.testng.reporters.JUnitReportReporter -->
<testsuite hostname="LAPTOP-1U4C2J1L" failures="0" tests="8" name="testCases.CheckOut_StepOne_Page_Test" time="37.784" errors="0" timestamp="2024-06-14T19:48:47 IST" skipped="0">
  <testcase classname="testCases.CheckOut_StepOne_Page_Test" name="verifyLinkdinlogo" time="4.596"/>
  <system-out>
    <![CDATA[Linkdin logo is present = true]]>
  </system-out>
  <testcase classname="testCases.CheckOut_StepOne_Page_Test" name="verifyFacebooklogo" time="4.594"/>
  <system-out>
    <![CDATA[Facebook logo is present = true]]>
  </system-out>
  <testcase classname="testCases.CheckOut_StepOne_Page_Test" name="verifyApplogonameTest" time="4.676"/>
  <system-out>
    <![CDATA[App logo is =Swag Labs]]>
  </system-out>
  <testcase classname="testCases.CheckOut_StepOne_Page_Test" name="InputInformation" time="5.149"/>
  <system-out>
    <![CDATA[Input Information Is present = https://www.saucedemo.com/checkout-step-two.html]]>
  </system-out>
  <testcase classname="testCases.CheckOut_StepOne_Page_Test" name="verifyOpenMenu" time="4.599"/>
  <system-out>
    <![CDATA[Open Menu is present = true]]>
  </system-out>
  <testcase classname="testCases.CheckOut_StepOne_Page_Test" name="verifyTwitterlogo" time="4.802"/>
  <system-out>
    <![CDATA[Twitter logo is present = true]]>
  </system-out>
  <testcase classname="testCases.CheckOut_StepOne_Page_Test" name="Footertext" time="4.641"/>
  <system-out>
    <![CDATA[Footer text is = © 2024 Sauce Labs. All Rights Reserved. Terms of Service | Privacy Policy]]>
  </system-out>
  <testcase classname="testCases.CheckOut_StepOne_Page_Test" name="verifyCancleBtn" time="4.727"/>
  <system-out>
    <![CDATA[Cancel button step on Url = https://www.saucedemo.com/cart.html]]>
  </system-out>
</testsuite> <!-- testCases.CheckOut_StepOne_Page_Test -->
